<?xml version="1.0" encoding="UTF-8"?>
<testng-results skipped="0" failed="1" ignored="0" total="3" passed="2">
  <reporter-output>
  </reporter-output>
  <suite name="Default suite" duration-ms="69198" started-at="2018-08-17T15:06:23Z" finished-at="2018-08-17T15:07:32Z">
    <groups>
    </groups>
    <test name="Default test" duration-ms="69198" started-at="2018-08-17T15:06:23Z" finished-at="2018-08-17T15:07:32Z">
      <class name="mavenProject.testng">
        <test-method status="PASS" signature="setUpReport()[pri:0, instance:mavenProject.testng@239963d8]" name="setUpReport" is-config="true" duration-ms="167" started-at="2018-08-17T10:06:23Z" finished-at="2018-08-17T10:06:23Z">
          <reporter-output>
          </reporter-output>
        </test-method> <!-- setUpReport -->
        <test-method status="PASS" signature="setUpTest()[pri:0, instance:mavenProject.testng@239963d8]" name="setUpTest" is-config="true" duration-ms="14441" started-at="2018-08-17T10:06:23Z" finished-at="2018-08-17T10:06:38Z">
          <reporter-output>
          </reporter-output>
        </test-method> <!-- setUpTest -->
        <test-method status="PASS" signature="LoginCorrecto()[pri:0, instance:mavenProject.testng@239963d8]" name="LoginCorrecto" duration-ms="2210" started-at="2018-08-17T10:06:38Z" finished-at="2018-08-17T10:06:40Z">
          <reporter-output>
          </reporter-output>
        </test-method> <!-- LoginCorrecto -->
        <test-method status="PASS" signature="endTest()[pri:0, instance:mavenProject.testng@239963d8]" name="endTest" is-config="true" duration-ms="995" started-at="2018-08-17T10:06:40Z" finished-at="2018-08-17T10:06:41Z">
          <reporter-output>
          </reporter-output>
        </test-method> <!-- endTest -->
        <test-method status="PASS" signature="setUpTest()[pri:0, instance:mavenProject.testng@239963d8]" name="setUpTest" is-config="true" duration-ms="8818" started-at="2018-08-17T10:06:41Z" finished-at="2018-08-17T10:06:50Z">
          <reporter-output>
          </reporter-output>
        </test-method> <!-- setUpTest -->
        <test-method status="FAIL" signature="LoginSinContrasena()[pri:0, instance:mavenProject.testng@239963d8]" name="LoginSinContrasena" duration-ms="31118" started-at="2018-08-17T10:06:50Z" finished-at="2018-08-17T10:07:21Z">
          <exception class="java.lang.AssertionError">
            <full-stacktrace>
              <![CDATA[java.lang.AssertionError
	at org.junit.Assert.fail(Assert.java:86)
	at org.junit.Assert.assertTrue(Assert.java:41)
	at org.junit.Assert.assertTrue(Assert.java:52)
	at mavenProject.testng.LoginSinContrasena(testng.java:59)
	at sun.reflect.NativeMethodAccessorImpl.invoke0(Native Method)
	at sun.reflect.NativeMethodAccessorImpl.invoke(NativeMethodAccessorImpl.java:62)
	at sun.reflect.DelegatingMethodAccessorImpl.invoke(DelegatingMethodAccessorImpl.java:43)
	at java.lang.reflect.Method.invoke(Method.java:498)
	at org.testng.internal.MethodInvocationHelper.invokeMethod(MethodInvocationHelper.java:108)
	at org.testng.internal.Invoker.invokeMethod(Invoker.java:661)
	at org.testng.internal.Invoker.invokeTestMethod(Invoker.java:869)
	at org.testng.internal.Invoker.invokeTestMethods(Invoker.java:1193)
	at org.testng.internal.TestMethodWorker.invokeTestMethods(TestMethodWorker.java:126)
	at org.testng.internal.TestMethodWorker.run(TestMethodWorker.java:109)
	at org.testng.TestRunner.privateRun(TestRunner.java:744)
	at org.testng.TestRunner.run(TestRunner.java:602)
	at org.testng.SuiteRunner.runTest(SuiteRunner.java:380)
	at org.testng.SuiteRunner.runSequentially(SuiteRunner.java:375)
	at org.testng.SuiteRunner.privateRun(SuiteRunner.java:340)
	at org.testng.SuiteRunner.run(SuiteRunner.java:289)
	at org.testng.SuiteRunnerWorker.runSuite(SuiteRunnerWorker.java:52)
	at org.testng.SuiteRunnerWorker.run(SuiteRunnerWorker.java:86)
	at org.testng.TestNG.runSuitesSequentially(TestNG.java:1301)
	at org.testng.TestNG.runSuitesLocally(TestNG.java:1226)
	at org.testng.TestNG.runSuites(TestNG.java:1144)
	at org.testng.TestNG.run(TestNG.java:1115)
	at org.testng.remote.AbstractRemoteTestNG.run(AbstractRemoteTestNG.java:114)
	at org.testng.remote.RemoteTestNG.initAndRun(RemoteTestNG.java:251)
	at org.testng.remote.RemoteTestNG.main(RemoteTestNG.java:77)
]]>
            </full-stacktrace>
          </exception> <!-- java.lang.AssertionError -->
          <reporter-output>
          </reporter-output>
        </test-method> <!-- LoginSinContrasena -->
        <test-method status="PASS" signature="endTest()[pri:0, instance:mavenProject.testng@239963d8]" name="endTest" is-config="true" duration-ms="789" started-at="2018-08-17T10:07:21Z" finished-at="2018-08-17T10:07:21Z">
          <reporter-output>
          </reporter-output>
        </test-method> <!-- endTest -->
        <test-method status="PASS" signature="setUpTest()[pri:0, instance:mavenProject.testng@239963d8]" name="setUpTest" is-config="true" duration-ms="8677" started-at="2018-08-17T10:07:21Z" finished-at="2018-08-17T10:07:30Z">
          <reporter-output>
          </reporter-output>
        </test-method> <!-- setUpTest -->
        <test-method status="PASS" signature="LoginSinUsuario()[pri:0, instance:mavenProject.testng@239963d8]" name="LoginSinUsuario" duration-ms="831" started-at="2018-08-17T10:07:30Z" finished-at="2018-08-17T10:07:31Z">
          <reporter-output>
          </reporter-output>
        </test-method> <!-- LoginSinUsuario -->
        <test-method status="PASS" signature="endTest()[pri:0, instance:mavenProject.testng@239963d8]" name="endTest" is-config="true" duration-ms="934" started-at="2018-08-17T10:07:31Z" finished-at="2018-08-17T10:07:32Z">
          <reporter-output>
          </reporter-output>
        </test-method> <!-- endTest -->
        <test-method status="PASS" signature="endReport()[pri:0, instance:mavenProject.testng@239963d8]" name="endReport" is-config="true" duration-ms="200" started-at="2018-08-17T10:07:32Z" finished-at="2018-08-17T10:07:32Z">
          <reporter-output>
          </reporter-output>
        </test-method> <!-- endReport -->
      </class> <!-- mavenProject.testng -->
    </test> <!-- Default test -->
  </suite> <!-- Default suite -->
</testng-results>
